C51 COMPILER V9.02   AT24C02                                                               12/19/2015 20:58:45 PAGE 1   


C51 COMPILER V9.02, COMPILATION OF MODULE AT24C02
OBJECT MODULE PLACED IN .\At24c02.obj
COMPILER INVOKED BY: E:\KEIL C51\C51\BIN\C51.EXE ..\SOURCE\At24c02.c BROWSE INCDIR(..\HEADER) DEBUG OBJECTEXTEND PRINT(.
                    -\At24c02.lst) OBJECT(.\At24c02.obj)

line level    source

   1          #include"AT24C02.h"
   2          
   3          
   4          /*******************************************************************************
   5          * 函 数 名         : Delay1us()
   6          * 函数功能                 : 延时
   7          * 输    入         : 无
   8          * 输    出         : 无
   9          *******************************************************************************/
  10          
  11          void I2C_Delay10us()
  12          {
  13   1              uchar a, b;
  14   1              for(b=1; b>0; b--)
  15   1              {
  16   2                      for(a=2; a>0; a--);
  17   2              }
  18   1      }
  19          
  20          /*******************************************************************************
  21          * 函 数 名         : I2C_Start()
  22          * 函数功能                 : 起始信号：在I2C_SCL时钟信号在高电平期间I2C_SDA信号产生一个下降沿
  23          * 输    入         : 无
  24          * 输    出         : 无
  25          * 备    注         : 起始之后I2C_SDA和I2C_SCL都为0
  26          *******************************************************************************/
  27          
  28          void I2C_Start()
  29          {
  30   1              I2C_SDA = 1;
  31   1              I2C_Delay10us();
  32   1              I2C_SCL = 1;
  33   1              I2C_Delay10us();//建立时间是I2C_SDA保持时间>4.7us
  34   1              I2C_SDA = 0;
  35   1              I2C_Delay10us();//保持时间是>4us
  36   1              I2C_SCL = 0;                    
  37   1              I2C_Delay10us();                
  38   1      }
  39          /*******************************************************************************
  40          * 函 数 名           : I2C_Stop()
  41          * 函数功能               : 终止信号：在I2C_SCL时钟信号高电平期间I2C_SDA信号产生一个上升沿
  42          * 输    入           : 无
  43          * 输    出               : 无
  44          * 备    注           : 结束之后保持I2C_SDA和I2C_SCL都为1；表示总线空闲
  45          *******************************************************************************/
  46          
  47          void I2C_Stop()
  48          {
  49   1              I2C_SDA = 0;
  50   1              I2C_Delay10us();
  51   1              I2C_SCL = 1;
  52   1              I2C_Delay10us();//建立时间大于4.7us
  53   1              I2C_SDA = 1;
  54   1              I2C_Delay10us();                
C51 COMPILER V9.02   AT24C02                                                               12/19/2015 20:58:45 PAGE 2   

  55   1      }
  56          /*******************************************************************************
  57          * 函 数 名           : I2cSendByte(uchar num)
  58          * 函数功能               : 通过I2C发送一个字节。在I2C_SCL时钟信号高电平期间，
  59          *                    * 保持发送信号I2C_SDA保持稳定
  60          * 输    入           : num ,ack
  61          * 输    出               : 0或1。发送成功返回1，发送失败返回0
  62          * 备    注           : 发送完一个字节I2C_SCL=0, 需要应答则应答设置为1，否则为0
  63          *******************************************************************************/
  64          
  65          uchar I2C_SendByte(uchar dat, uchar ack)
  66          {
  67   1              uchar a = 0,b = 0;//最大255，一个机器周期为1us，最大延时255us。
  68   1                              
  69   1              for(a=0; a<8; a++)//要发送8位，从最高位开始
  70   1              {
  71   2                      I2C_SDA = dat >> 7;      //起始信号之后I2C_SCL=0，所以可以直接改变I2C_SDA信号
  72   2                      dat = dat << 1;
  73   2                      I2C_Delay10us();
  74   2                      I2C_SCL = 1;
  75   2                      I2C_Delay10us();//建立时间>4.7us
  76   2                      I2C_SCL = 0;
  77   2                      I2C_Delay10us();//时间大于4us           
  78   2              }
  79   1      
  80   1              I2C_SDA = 1;
  81   1              I2C_Delay10us();
  82   1              I2C_SCL = 1;
  83   1              while(I2C_SDA && (ack == 1))//等待应答，也就是等待从设备把I2C_SDA拉低
  84   1              {
  85   2                      b++;
  86   2                      if(b > 200)      //如果超过200us没有应答发送失败，或者为非应答，表示接收结束
  87   2                      {
  88   3                              I2C_SCL = 0;
  89   3                              I2C_Delay10us();
  90   3                              return 0;
  91   3                      }
  92   2              }
  93   1      
  94   1              I2C_SCL = 0;
  95   1              I2C_Delay10us();
  96   1              return 1;               
  97   1      }
  98          /*******************************************************************************
  99          * 函 数 名           : I2cReadByte()
 100          * 函数功能               : 使用I2c读取一个字节
 101          * 输    入           : 无
 102          * 输    出               : dat
 103          * 备    注           : 接收完一个字节I2C_SCL=0
 104          *******************************************************************************/
 105          
 106          uchar I2C_ReadByte()
 107          {
 108   1              uchar a = 0,dat = 0;
 109   1              I2C_SDA = 1;                    //起始和发送一个字节之后I2C_SCL都是0
 110   1              I2C_Delay10us();
 111   1              for(a=0; a<8; a++)      //接收8个字节
 112   1              {
 113   2                      I2C_SCL = 1;
 114   2                      I2C_Delay10us();
 115   2                      dat <<= 1;
 116   2                      dat |= I2C_SDA;
C51 COMPILER V9.02   AT24C02                                                               12/19/2015 20:58:45 PAGE 3   

 117   2                      I2C_Delay10us();
 118   2                      I2C_SCL = 0;
 119   2                      I2C_Delay10us();
 120   2              }
 121   1              return dat;             
 122   1      }
 123          /*******************************************************************************
 124          * 函 数 名         : void At24c02Write(uchar addr,uchar *Ptr)
 125          * 函数功能                 : 依次往AT24C02中写入8个数据
 126          * 输    入         : 写入的起始位置地址addr,要写入的数组名
 127          * 输    出         : 无
 128          *******************************************************************************/
 129          
 130          void At24c02Write(uchar addr,uchar *Ptr)
 131          {
 132   1          
 133   1              for(;addr<8;addr++)
 134   1              {
 135   2                      I2C_Start();
 136   2                      I2C_SendByte(0xa0, 1); //发送写器件地址
 137   2                      I2C_SendByte(addr, 1); //发送要写入内存地址
 138   2                      I2C_SendByte(*Ptr, 0); //发送数据
 139   2                      I2C_Stop();
 140   2                      Ptr++;
 141   2                      Delayms(200);   //延时必要
 142   2              }
 143   1      }
 144          /*******************************************************************************
 145          * 函 数 名         : unsigned char At24c02Read(uchar addr,uchar *Ptr)
 146          * 函数功能                 : 依次读取AT24C02的8个数据
 147          * 输    入         : 读AT24C02的起始位置地址addr,读出的数据要存入的数组名
 148          * 输    出         : 无
 149          *******************************************************************************/
 150          
 151          void At24c02Read(uchar addr,uchar *Ptr)
 152          {
 153   1              for(;addr<8;addr++)
 154   1              {
 155   2                      I2C_Start();
 156   2                      I2C_SendByte(0xa0, 1); //发送写器件地址
 157   2                      I2C_SendByte(addr, 1); //发送要读取的地址
 158   2                      I2C_Start();
 159   2                      I2C_SendByte(0xa1, 1); //发送读器件地址
 160   2                      *Ptr=I2C_ReadByte();    //读取数据
 161   2                      I2C_Stop();
 162   2                      Ptr++;
 163   2                      Delayms(200);  //延时必要
 164   2              }
 165   1      }
 166          
 167          
 168          /*******************************************************************************
 169          * 函 数 名         : SerialInit()
 170          * 函数功能                 : 串口初始化
 171          * 输    入         : 无
 172          * 输    出         : 无
 173          *******************************************************************************/
 174          //void SerialInit()
 175          //{      
 176          //      SCON=0X50;                      //设置为工作方式1
 177          //      TMOD=0X20;                      //设置计数器工作方式2
 178          //      PCON=0X80;                      //波特率加倍
C51 COMPILER V9.02   AT24C02                                                               12/19/2015 20:58:45 PAGE 4   

 179          //      TH1=0XF3;                   //计数器初始值设置，注意波特率是4800的
 180          //      TL1=0XF3;
 181          //      TR1=1;                                      //打开计数器
 182          //}
 183          
 184          /*******************************************************************************
 185          * 函 数 名         : SendToPc(uchar data)
 186          * 函数功能                 : 串口发送数据到上位机
 187          * 输    入         : 要发送的数据
 188          * 输    出         : 无
 189          *******************************************************************************/
 190          //void SendToPc(uchar dat)
 191          //{
 192          //      SBUF=dat;
 193          //      while(!TI);      //当串口发送中断标志位TI置一说明一帧信息已经发送完毕，可以准备下一次发送了
 194          //      TI=0;
 195          //}
 196          


MODULE INFORMATION:   STATIC OVERLAYABLE
   CODE SIZE        =    290    ----
   CONSTANT SIZE    =   ----    ----
   XDATA SIZE       =   ----    ----
   PDATA SIZE       =   ----    ----
   DATA SIZE        =   ----       8
   IDATA SIZE       =   ----    ----
   BIT SIZE         =   ----    ----
END OF MODULE INFORMATION.


C51 COMPILATION COMPLETE.  0 WARNING(S),  0 ERROR(S)
