C51 COMPILER V9.02   LEDANDBUZZER                                                          12/19/2015 20:58:45 PAGE 1   


C51 COMPILER V9.02, COMPILATION OF MODULE LEDANDBUZZER
OBJECT MODULE PLACED IN .\LedAndBuzzer.obj
COMPILER INVOKED BY: E:\KEIL C51\C51\BIN\C51.EXE ..\SOURCE\LedAndBuzzer.c BROWSE INCDIR(..\HEADER) DEBUG OBJECTEXTEND PR
                    -INT(.\LedAndBuzzer.lst) OBJECT(.\LedAndBuzzer.obj)

line level    source

   1          #include<LedAndBuzzer.h>
   2          
   3          /*
   4          功能：将单个led灯点亮或者熄灭的功能
   5          形参：led 红灯还是绿灯，state 亮还是灭
   6          返回值：无
   7          */
   8          void LightOrClose(uchar led, uchar state)      //把一颗灯点亮
   9          {
  10   1              switch (led)
  11   1              {
  12   2                      case 1:
  13   2                                led0=state>0?1:0;
  14   2                                break;
  15   2                      case 0:
  16   2                                led1=state>0?1:0;
  17   2                                break;
  18   2              }
  19   1      }
  20          
  21          /*
  22          功能: 控制蜂鸣器是否发声
  23          形参：state 开还是关
  24          返回值：无
  25          */
  26          void BuzzerOpenOrClose(uchar state)
  27          {
  28   1              Beep=state>0?1:0;
  29   1      }


MODULE INFORMATION:   STATIC OVERLAYABLE
   CODE SIZE        =     45    ----
   CONSTANT SIZE    =   ----    ----
   XDATA SIZE       =   ----    ----
   PDATA SIZE       =   ----    ----
   DATA SIZE        =   ----    ----
   IDATA SIZE       =   ----    ----
   BIT SIZE         =   ----    ----
END OF MODULE INFORMATION.


C51 COMPILATION COMPLETE.  0 WARNING(S),  0 ERROR(S)
